#
# There is insufficient memory for the Java Runtime Environment to continue.
# Native memory allocation (mmap) failed to map 65536 bytes. Error detail: Failed to commit metaspace.
# Possible reasons:
#   The system is out of physical RAM or swap space
#   This process is running with CompressedOops enabled, and the Java Heap may be blocking the growth of the native heap
# Possible solutions:
#   Reduce memory load on the system
#   Increase physical memory or swap space
#   Check if swap backing store is full
#   Decrease Java heap size (-Xmx/-Xms)
#   Decrease number of Java threads
#   Decrease Java thread stack sizes (-Xss)
#   Set larger code cache with -XX:ReservedCodeCacheSize=
#   JVM is running with Zero Based Compressed Oops mode in which the Java heap is
#     placed in the first 32GB address space. The Java Heap base address is the
#     maximum limit for the native heap growth. Please use -XX:HeapBaseMinAddress
#     to set the Java Heap base and to place the Java Heap above 32GB virtual address.
# This output file may be truncated or incomplete.
#
#  Out of Memory Error (virtualSpaceNode.cpp:112), pid=9568, tid=23660
#
# JRE version:  (22.0.1+8) (build )
# Java VM: Java HotSpot(TM) 64-Bit Server VM (22.0.1+8-16, mixed mode, tiered, compressed oops, compressed class ptrs, g1 gc, windows-amd64)
# No core dump will be written. Minidumps are not enabled by default on client versions of Windows
#

---------------  S U M M A R Y ------------

Command Line: 

Host: AMD Ryzen 3 5300U with Radeon Graphics         , 8 cores, 9G,  Windows 11 , 64 bit Build 22621 (10.0.22621.3958)
Time: Sat Oct 19 10:35:04 2024 SE Asia Standard Time elapsed time: 0.068274 seconds (0d 0h 0m 0s)

---------------  T H R E A D  ---------------

Current thread (0x00000198c901c210):  JavaThread "main"             [_thread_in_vm, id=23660, stack(0x0000007609400000,0x0000007609500000) (1024K)]

Stack: [0x0000007609400000,0x0000007609500000]
Native frames: (J=compiled Java code, j=interpreted, Vv=VM code, C=native code)
V  [jvm.dll+0x6e2279]  (no source info available)
V  [jvm.dll+0x874e33]  (no source info available)
V  [jvm.dll+0x87725e]  (no source info available)
V  [jvm.dll+0x877933]  (no source info available)
V  [jvm.dll+0x27fd76]  (no source info available)
V  [jvm.dll+0x870a7e]  (no source info available)
V  [jvm.dll+0x6852e5]  (no source info available)
V  [jvm.dll+0x68534a]  (no source info available)
V  [jvm.dll+0x687b8a]  (no source info available)
V  [jvm.dll+0x2250ac]  (no source info available)
V  [jvm.dll+0x685cfe]  (no source info available)
V  [jvm.dll+0x269eaf]  (no source info available)
V  [jvm.dll+0x68ff54]  (no source info available)
V  [jvm.dll+0x215301]  (no source info available)
V  [jvm.dll+0x21578a]  (no source info available)
V  [jvm.dll+0x2161b1]  (no source info available)
V  [jvm.dll+0x20b4ee]  (no source info available)
V  [jvm.dll+0x5c462f]  (no source info available)
V  [jvm.dll+0x21cc6a]  (no source info available)
V  [jvm.dll+0x7eb6dc]  (no source info available)
V  [jvm.dll+0x7ec776]  (no source info available)
V  [jvm.dll+0x7ecd84]  (no source info available)
V  [jvm.dll+0x7eca08]  (no source info available)
V  [jvm.dll+0x26d79b]  (no source info available)
V  [jvm.dll+0x26d9ca]  (no source info available)
V  [jvm.dll+0x5e7c21]  (no source info available)
V  [jvm.dll+0x5ea274]  (no source info available)
V  [jvm.dll+0x3dd40a]  (no source info available)
V  [jvm.dll+0x3dce90]  (no source info available)
C  0x00000198daa67851  (no source info available)

The last pc belongs to getstatic (printed below).
Java frames: (J=compiled Java code, j=interpreted, Vv=VM code)
j  java.lang.CharacterData.of(I)Ljava/lang/CharacterData;+7 java.base
j  java.lang.Character.digit(II)I+1 java.base
j  java.lang.Character.digit(CI)I+2 java.base
j  java.lang.Integer.parseInt(Ljava/lang/String;I)I+124 java.base
j  java.lang.Integer.parseInt(Ljava/lang/String;)I+3 java.base
j  jdk.internal.misc.VM.saveProperties(Ljava/util/Map;)V+137 java.base
j  java.lang.System.initPhase1()V+12 java.base
v  ~StubRoutines::call_stub 0x00000198daa5100d
getstatic  178 getstatic  [0x00000198daa677a0, 0x00000198daa679a0]  512 bytes
[MachCode]
  0x00000198daa677a0: 4883 ec08 | c5fa 1104 | 24eb 1f48 | 83ec 10c5 | fb11 0424 | eb14 4883 | ec10 4889 | 0424 48c7 
  0x00000198daa677c0: 4424 0800 | 0000 00eb | 0150 488b | 4dd0 410f | b755 0148 | 8b49 286b | d218 488d | 4c11 080f 
  0x00000198daa677e0: b659 1281 | fbb2 0000 | 000f 84bd | 0000 00bb | b200 0000 | e805 0000 | 00e9 9900 | 0000 488b 
  0x00000198daa67800: d348 8d44 | 2408 4c89 | 6dc0 498b | cfc5 f877 | 4989 afb0 | 0300 0049 | 8987 a003 | 0000 4883 
  0x00000198daa67820: ec20 40f6 | c40f 0f84 | 1900 0000 | 4883 ec08 | 48b8 30ce | 26a7 fc7f | 0000 ffd0 | 4883 c408 
  0x00000198daa67840: e90c 0000 | 0048 b830 | ce26 a7fc | 7f00 00ff | d048 83c4 | 2049 c787 | a003 0000 | 0000 0000 
  0x00000198daa67860: 49c7 87b0 | 0300 0000 | 0000 0049 | c787 a803 | 0000 0000 | 0000 c5f8 | 7749 837f | 0800 0f84 
  0x00000198daa67880: 0500 0000 | e977 96fe | ff4c 8b6d | c04c 8b75 | c84e 8d74 | f500 c348 | 8b4d d041 | 0fb7 5501 
  0x00000198daa678a0: 488b 4928 | 6bd2 1848 | 8d4c 1108 | 8b59 080f | b651 110f | b641 104c | 8b09 4d8b | 4970 4d8b 
  0x00000198daa678c0: 0985 c00f | 850b 0000 | 0041 0fbe | 0419 50e9 | b500 0000 | 83f8 010f | 850b 0000 | 0041 0fb6 
  0x00000198daa678e0: 0419 50e9 | a100 0000 | 83f8 080f | 850e 0000 | 0041 8b04 | 1948 c1e0 | 0350 e98a | 0000 0083 
  0x00000198daa67900: f804 0f85 | 0a00 0000 | 418b 0419 | 50e9 7700 | 0000 83f8 | 020f 850b | 0000 0041 | 0fb7 0419 
  0x00000198daa67920: 50e9 6300 | 0000 83f8 | 030f 850b | 0000 0041 | 0fbf 0419 | 50e9 4f00 | 0000 83f8 | 050f 851a 
  0x00000198daa67940: 0000 0049 | 8b04 1948 | 83ec 1048 | 8904 2448 | c744 2408 | 0000 0000 | e92c 0000 | 0083 f806 
  0x00000198daa67960: 0f85 1400 | 0000 c4c1 | 7a10 0419 | 4883 ec08 | c5fa 1104 | 24e9 0f00 | 0000 c4c1 | 7b10 0419 
  0x00000198daa67980: 4883 ec10 | c5fb 1104 | 2441 0fb6 | 5d03 4983 | c503 49ba | f001 b1a7 | fc7f 0000 | 41ff 24da 
[/MachCode]

---------------  P R O C E S S  ---------------

Threads class SMR info:
_java_thread_list=0x00000198e8252ff0, length=1, elements={
0x00000198c901c210
}

Java Threads: ( => current thread )
=>0x00000198c901c210 JavaThread "main"                              [_thread_in_vm, id=23660, stack(0x0000007609400000,0x0000007609500000) (1024K)]
Total: 1

Other Threads:
  0x00000198e84135e0 VMThread "VM Thread"                           [id=22332, stack(0x0000007609b00000,0x0000007609c00000) (1024K)]
  0x00000198e838ea60 WatcherThread "VM Periodic Task Thread"        [id=12540, stack(0x0000007609a00000,0x0000007609b00000) (1024K)]
  0x00000198cb224700 WorkerThread "GC Thread#0"                     [id=14116, stack(0x0000007609500000,0x0000007609600000) (1024K)]
  0x00000198cb24eef0 ConcurrentGCThread "G1 Main Marker"            [id=15816, stack(0x0000007609600000,0x0000007609700000) (1024K)]
  0x00000198cb250210 WorkerThread "G1 Conc#0"                       [id=26456, stack(0x0000007609700000,0x0000007609800000) (1024K)]
  0x00000198cb29e4e0 ConcurrentGCThread "G1 Refine#0"               [id=20608, stack(0x0000007609800000,0x0000007609900000) (1024K)]
  0x00000198e8264240 ConcurrentGCThread "G1 Service"                [id=4784, stack(0x0000007609900000,0x0000007609a00000) (1024K)]
Total: 7

Threads with active compile tasks:
Total: 0

VM state: not at safepoint (normal execution)

VM Mutex/Monitor currently owned by a thread:  ([mutex/lock_event])
[0x00007ffca7af9b38] Metaspace_lock - owner thread: 0x00000198c901c210

Heap address: 0x0000000762600000, size: 2522 MB, Compressed Oops mode: Zero based, Oop shift amount: 3

CDS archive(s) not mapped
Compressed class space mapped at: 0x0000000030000000-0x0000000070000000, reserved size: 1073741824
Narrow klass base: 0x0000000000000000, Narrow klass shift: 0, Narrow klass range: 0x70000000

GC Precious Log:
 CardTable entry size: 512
 Card Set container configuration: InlinePtr #cards 4 size 8 Array Of Cards #cards 16 size 48 Howl #buckets 8 coarsen threshold 3686 Howl Bitmap #cards 512 size 80 coarsen threshold 460 Card regions per heap region 1 cards per card region 4096
 CPUs: 8 total, 8 available
 Memory: 10085M
 Large Page Support: Disabled
 NUMA Support: Disabled
 Compressed Oops: Enabled (Zero based)
 Heap Region Size: 2M
 Heap Min Capacity: 8M
 Heap Initial Capacity: 158M
 Heap Max Capacity: 2522M
 Pre-touch: Disabled
 Parallel Workers: 8
 Concurrent Workers: 2
 Concurrent Refinement Workers: 8
 Periodic GC: Disabled

Heap:
 garbage-first heap   total reserved 2582528K, committed 161792K, used 0K [0x0000000762600000, 0x0000000800000000)
  region size 2048K, 1 young (2048K), 0 survivors (0K)
 Metaspace       used 2131K, committed 2176K, reserved 1114112K
  class space    used 149K, committed 192K, reserved 1048576K

Heap Regions: E=young(eden), S=young(survivor), O=old, HS=humongous(starts), HC=humongous(continues), CS=collection set, F=free, TAMS=top-at-mark-start, PB=parsable bottom
|   0|0x0000000762600000, 0x0000000762600000, 0x0000000762800000|  0%| F|  |TAMS 0x0000000762600000| PB 0x0000000762600000| Untracked |  0
|   1|0x0000000762800000, 0x0000000762800000, 0x0000000762a00000|  0%| F|  |TAMS 0x0000000762800000| PB 0x0000000762800000| Untracked |  0
|   2|0x0000000762a00000, 0x0000000762a00000, 0x0000000762c00000|  0%| F|  |TAMS 0x0000000762a00000| PB 0x0000000762a00000| Untracked |  0
|   3|0x0000000762c00000, 0x0000000762c00000, 0x0000000762e00000|  0%| F|  |TAMS 0x0000000762c00000| PB 0x0000000762c00000| Untracked |  0
|   4|0x0000000762e00000, 0x0000000762e00000, 0x0000000763000000|  0%| F|  |TAMS 0x0000000762e00000| PB 0x0000000762e00000| Untracked |  0
|   5|0x0000000763000000, 0x0000000763000000, 0x0000000763200000|  0%| F|  |TAMS 0x0000000763000000| PB 0x0000000763000000| Untracked |  0
|   6|0x0000000763200000, 0x0000000763200000, 0x0000000763400000|  0%| F|  |TAMS 0x0000000763200000| PB 0x0000000763200000| Untracked |  0
|   7|0x0000000763400000, 0x0000000763400000, 0x0000000763600000|  0%| F|  |TAMS 0x0000000763400000| PB 0x0000000763400000| Untracked |  0
|   8|0x0000000763600000, 0x0000000763600000, 0x0000000763800000|  0%| F|  |TAMS 0x0000000763600000| PB 0x0000000763600000| Untracked |  0
|   9|0x0000000763800000, 0x0000000763800000, 0x0000000763a00000|  0%| F|  |TAMS 0x0000000763800000| PB 0x0000000763800000| Untracked |  0
|  10|0x0000000763a00000, 0x0000000763a00000, 0x0000000763c00000|  0%| F|  |TAMS 0x0000000763a00000| PB 0x0000000763a00000| Untracked |  0
|  11|0x0000000763c00000, 0x0000000763c00000, 0x0000000763e00000|  0%| F|  |TAMS 0x0000000763c00000| PB 0x0000000763c00000| Untracked |  0
|  12|0x0000000763e00000, 0x0000000763e00000, 0x0000000764000000|  0%| F|  |TAMS 0x0000000763e00000| PB 0x0000000763e00000| Untracked |  0
|  13|0x0000000764000000, 0x0000000764000000, 0x0000000764200000|  0%| F|  |TAMS 0x0000000764000000| PB 0x0000000764000000| Untracked |  0
|  14|0x0000000764200000, 0x0000000764200000, 0x0000000764400000|  0%| F|  |TAMS 0x0000000764200000| PB 0x0000000764200000| Untracked |  0
|  15|0x0000000764400000, 0x0000000764400000, 0x0000000764600000|  0%| F|  |TAMS 0x0000000764400000| PB 0x0000000764400000| Untracked |  0
|  16|0x0000000764600000, 0x0000000764600000, 0x0000000764800000|  0%| F|  |TAMS 0x0000000764600000| PB 0x0000000764600000| Untracked |  0
|  17|0x0000000764800000, 0x0000000764800000, 0x0000000764a00000|  0%| F|  |TAMS 0x0000000764800000| PB 0x0000000764800000| Untracked |  0
|  18|0x0000000764a00000, 0x0000000764a00000, 0x0000000764c00000|  0%| F|  |TAMS 0x0000000764a00000| PB 0x0000000764a00000| Untracked |  0
|  19|0x0000000764c00000, 0x0000000764c00000, 0x0000000764e00000|  0%| F|  |TAMS 0x0000000764c00000| PB 0x0000000764c00000| Untracked |  0
|  20|0x0000000764e00000, 0x0000000764e00000, 0x0000000765000000|  0%| F|  |TAMS 0x0000000764e00000| PB 0x0000000764e00000| Untracked |  0
|  21|0x0000000765000000, 0x0000000765000000, 0x0000000765200000|  0%| F|  |TAMS 0x0000000765000000| PB 0x0000000765000000| Untracked |  0
|  22|0x0000000765200000, 0x0000000765200000, 0x0000000765400000|  0%| F|  |TAMS 0x0000000765200000| PB 0x0000000765200000| Untracked |  0
|  23|0x0000000765400000, 0x0000000765400000, 0x0000000765600000|  0%| F|  |TAMS 0x0000000765400000| PB 0x0000000765400000| Untracked |  0
|  24|0x0000000765600000, 0x0000000765600000, 0x0000000765800000|  0%| F|  |TAMS 0x0000000765600000| PB 0x0000000765600000| Untracked |  0
|  25|0x0000000765800000, 0x0000000765800000, 0x0000000765a00000|  0%| F|  |TAMS 0x0000000765800000| PB 0x0000000765800000| Untracked |  0
|  26|0x0000000765a00000, 0x0000000765a00000, 0x0000000765c00000|  0%| F|  |TAMS 0x0000000765a00000| PB 0x0000000765a00000| Untracked |  0
|  27|0x0000000765c00000, 0x0000000765c00000, 0x0000000765e00000|  0%| F|  |TAMS 0x0000000765c00000| PB 0x0000000765c00000| Untracked |  0
|  28|0x0000000765e00000, 0x0000000765e00000, 0x0000000766000000|  0%| F|  |TAMS 0x0000000765e00000| PB 0x0000000765e00000| Untracked |  0
|  29|0x0000000766000000, 0x0000000766000000, 0x0000000766200000|  0%| F|  |TAMS 0x0000000766000000| PB 0x0000000766000000| Untracked |  0
|  30|0x0000000766200000, 0x0000000766200000, 0x0000000766400000|  0%| F|  |TAMS 0x0000000766200000| PB 0x0000000766200000| Untracked |  0
|  31|0x0000000766400000, 0x0000000766400000, 0x0000000766600000|  0%| F|  |TAMS 0x0000000766400000| PB 0x0000000766400000| Untracked |  0
|  32|0x0000000766600000, 0x0000000766600000, 0x0000000766800000|  0%| F|  |TAMS 0x0000000766600000| PB 0x0000000766600000| Untracked |  0
|  33|0x0000000766800000, 0x0000000766800000, 0x0000000766a00000|  0%| F|  |TAMS 0x0000000766800000| PB 0x0000000766800000| Untracked |  0
|  34|0x0000000766a00000, 0x0000000766a00000, 0x0000000766c00000|  0%| F|  |TAMS 0x0000000766a00000| PB 0x0000000766a00000| Untracked |  0
|  35|0x0000000766c00000, 0x0000000766c00000, 0x0000000766e00000|  0%| F|  |TAMS 0x0000000766c00000| PB 0x0000000766c00000| Untracked |  0
|  36|0x0000000766e00000, 0x0000000766e00000, 0x0000000767000000|  0%| F|  |TAMS 0x0000000766e00000| PB 0x0000000766e00000| Untracked |  0
|  37|0x0000000767000000, 0x0000000767000000, 0x0000000767200000|  0%| F|  |TAMS 0x0000000767000000| PB 0x0000000767000000| Untracked |  0
|  38|0x0000000767200000, 0x0000000767200000, 0x0000000767400000|  0%| F|  |TAMS 0x0000000767200000| PB 0x0000000767200000| Untracked |  0
|  39|0x0000000767400000, 0x0000000767400000, 0x0000000767600000|  0%| F|  |TAMS 0x0000000767400000| PB 0x0000000767400000| Untracked |  0
|  40|0x0000000767600000, 0x0000000767600000, 0x0000000767800000|  0%| F|  |TAMS 0x0000000767600000| PB 0x0000000767600000| Untracked |  0
|  41|0x0000000767800000, 0x0000000767800000, 0x0000000767a00000|  0%| F|  |TAMS 0x0000000767800000| PB 0x0000000767800000| Untracked |  0
|  42|0x0000000767a00000, 0x0000000767a00000, 0x0000000767c00000|  0%| F|  |TAMS 0x0000000767a00000| PB 0x0000000767a00000| Untracked |  0
|  43|0x0000000767c00000, 0x0000000767c00000, 0x0000000767e00000|  0%| F|  |TAMS 0x0000000767c00000| PB 0x0000000767c00000| Untracked |  0
|  44|0x0000000767e00000, 0x0000000767e00000, 0x0000000768000000|  0%| F|  |TAMS 0x0000000767e00000| PB 0x0000000767e00000| Untracked |  0
|  45|0x0000000768000000, 0x0000000768000000, 0x0000000768200000|  0%| F|  |TAMS 0x0000000768000000| PB 0x0000000768000000| Untracked |  0
|  46|0x0000000768200000, 0x0000000768200000, 0x0000000768400000|  0%| F|  |TAMS 0x0000000768200000| PB 0x0000000768200000| Untracked |  0
|  47|0x0000000768400000, 0x0000000768400000, 0x0000000768600000|  0%| F|  |TAMS 0x0000000768400000| PB 0x0000000768400000| Untracked |  0
|  48|0x0000000768600000, 0x0000000768600000, 0x0000000768800000|  0%| F|  |TAMS 0x0000000768600000| PB 0x0000000768600000| Untracked |  0
|  49|0x0000000768800000, 0x0000000768800000, 0x0000000768a00000|  0%| F|  |TAMS 0x0000000768800000| PB 0x0000000768800000| Untracked |  0
|  50|0x0000000768a00000, 0x0000000768a00000, 0x0000000768c00000|  0%| F|  |TAMS 0x0000000768a00000| PB 0x0000000768a00000| Untracked |  0
|  51|0x0000000768c00000, 0x0000000768c00000, 0x0000000768e00000|  0%| F|  |TAMS 0x0000000768c00000| PB 0x0000000768c00000| Untracked |  0
|  52|0x0000000768e00000, 0x0000000768e00000, 0x0000000769000000|  0%| F|  |TAMS 0x0000000768e00000| PB 0x0000000768e00000| Untracked |  0
|  53|0x0000000769000000, 0x0000000769000000, 0x0000000769200000|  0%| F|  |TAMS 0x0000000769000000| PB 0x0000000769000000| Untracked |  0
|  54|0x0000000769200000, 0x0000000769200000, 0x0000000769400000|  0%| F|  |TAMS 0x0000000769200000| PB 0x0000000769200000| Untracked |  0
|  55|0x0000000769400000, 0x0000000769400000, 0x0000000769600000|  0%| F|  |TAMS 0x0000000769400000| PB 0x0000000769400000| Untracked |  0
|  56|0x0000000769600000, 0x0000000769600000, 0x0000000769800000|  0%| F|  |TAMS 0x0000000769600000| PB 0x0000000769600000| Untracked |  0
|  57|0x0000000769800000, 0x0000000769800000, 0x0000000769a00000|  0%| F|  |TAMS 0x0000000769800000| PB 0x0000000769800000| Untracked |  0
|  58|0x0000000769a00000, 0x0000000769a00000, 0x0000000769c00000|  0%| F|  |TAMS 0x0000000769a00000| PB 0x0000000769a00000| Untracked |  0
|  59|0x0000000769c00000, 0x0000000769c00000, 0x0000000769e00000|  0%| F|  |TAMS 0x0000000769c00000| PB 0x0000000769c00000| Untracked |  0
|  60|0x0000000769e00000, 0x0000000769e00000, 0x000000076a000000|  0%| F|  |TAMS 0x0000000769e00000| PB 0x0000000769e00000| Untracked |  0
|  61|0x000000076a000000, 0x000000076a000000, 0x000000076a200000|  0%| F|  |TAMS 0x000000076a000000| PB 0x000000076a000000| Untracked |  0
|  62|0x000000076a200000, 0x000000076a200000, 0x000000076a400000|  0%| F|  |TAMS 0x000000076a200000| PB 0x000000076a200000| Untracked |  0
|  63|0x000000076a400000, 0x000000076a400000, 0x000000076a600000|  0%| F|  |TAMS 0x000000076a400000| PB 0x000000076a400000| Untracked |  0
|  64|0x000000076a600000, 0x000000076a600000, 0x000000076a800000|  0%| F|  |TAMS 0x000000076a600000| PB 0x000000076a600000| Untracked |  0
|  65|0x000000076a800000, 0x000000076a800000, 0x000000076aa00000|  0%| F|  |TAMS 0x000000076a800000| PB 0x000000076a800000| Untracked |  0
|  66|0x000000076aa00000, 0x000000076aa00000, 0x000000076ac00000|  0%| F|  |TAMS 0x000000076aa00000| PB 0x000000076aa00000| Untracked |  0
|  67|0x000000076ac00000, 0x000000076ac00000, 0x000000076ae00000|  0%| F|  |TAMS 0x000000076ac00000| PB 0x000000076ac00000| Untracked |  0
|  68|0x000000076ae00000, 0x000000076ae00000, 0x000000076b000000|  0%| F|  |TAMS 0x000000076ae00000| PB 0x000000076ae00000| Untracked |  0
|  69|0x000000076b000000, 0x000000076b000000, 0x000000076b200000|  0%| F|  |TAMS 0x000000076b000000| PB 0x000000076b000000| Untracked |  0
|  70|0x000000076b200000, 0x000000076b200000, 0x000000076b400000|  0%| F|  |TAMS 0x000000076b200000| PB 0x000000076b200000| Untracked |  0
|  71|0x000000076b400000, 0x000000076b400000, 0x000000076b600000|  0%| F|  |TAMS 0x000000076b400000| PB 0x000000076b400000| Untracked |  0
|  72|0x000000076b600000, 0x000000076b600000, 0x000000076b800000|  0%| F|  |TAMS 0x000000076b600000| PB 0x000000076b600000| Untracked |  0
|  73|0x000000076b800000, 0x000000076b800000, 0x000000076ba00000|  0%| F|  |TAMS 0x000000076b800000| PB 0x000000076b800000| Untracked |  0
|  74|0x000000076ba00000, 0x000000076ba00000, 0x000000076bc00000|  0%| F|  |TAMS 0x000000076ba00000| PB 0x000000076ba00000| Untracked |  0
|  75|0x000000076bc00000, 0x000000076bc00000, 0x000000076be00000|  0%| F|  |TAMS 0x000000076bc00000| PB 0x000000076bc00000| Untracked |  0
|  76|0x000000076be00000, 0x000000076be00000, 0x000000076c000000|  0%| F|  |TAMS 0x000000076be00000| PB 0x000000076be00000| Untracked |  0
|  77|0x000000076c000000, 0x000000076c000000, 0x000000076c200000|  0%| F|  |TAMS 0x000000076c000000| PB 0x000000076c000000| Untracked |  0
|  78|0x000000076c200000, 0x000000076c27ae80, 0x000000076c400000| 24%| E|  |TAMS 0x000000076c200000| PB 0x000000076c200000| Complete |  0

Card table byte_map: [0x00000198e2d40000,0x00000198e3230000] _byte_map_base: 0x00000198df22d000

Marking Bits: (CMBitMap*) 0x00000198cb224e10
 Bits: [0x00000198e3230000, 0x00000198e5998000)

Polling page: 0x00000198ca9a0000

Metaspace:

Usage:
  Non-class:      1.94 MB used.
      Class:    149.41 KB used.
       Both:      2.08 MB used.

Virtual space:
  Non-class space:       64.00 MB reserved,       1.94 MB (  3%) committed,  1 nodes.
      Class space:        1.00 GB reserved,     192.00 KB ( <1%) committed,  1 nodes.
             Both:        1.06 GB reserved,       2.12 MB ( <1%) committed. 

Chunk freelists:
   Non-Class:  12.00 MB
       Class:  15.75 MB
        Both:  27.75 MB

MaxMetaspaceSize: unlimited
CompressedClassSpaceSize: 1.00 GB
Initial GC threshold: 21.00 MB
Current GC threshold: 17179869184.00 GB
CDS: off
 - commit_granule_bytes: 65536.
 - commit_granule_words: 8192.
 - virtual_space_node_default_size: 8388608.
 - enlarge_chunks_in_place: 1.
 - use_allocation_guard: 0.


Internal statistics:

num_allocs_failed_limit: 0.
num_arena_births: 2.
num_arena_deaths: 0.
num_vsnodes_births: 2.
num_vsnodes_deaths: 0.
num_space_committed: 34.
num_space_uncommitted: 0.
num_chunks_returned_to_freelist: 0.
num_chunks_taken_from_freelist: 3.
num_chunk_merges: 0.
num_chunk_splits: 2.
num_chunks_enlarged: 0.
num_inconsistent_stats: 0.

CodeHeap 'non-profiled nmethods': size=120000Kb used=0Kb max_used=0Kb free=120000Kb
 bounds [0x00000198daff0000, 0x00000198db260000, 0x00000198e2520000]
CodeHeap 'profiled nmethods': size=120000Kb used=0Kb max_used=0Kb free=120000Kb
 bounds [0x00000198d3520000, 0x00000198d3790000, 0x00000198daa50000]
CodeHeap 'non-nmethods': size=5760Kb used=409Kb max_used=409Kb free=5350Kb
 bounds [0x00000198daa50000, 0x00000198dacc0000, 0x00000198daff0000]
 total_blobs=161 nmethods=0 adapters=131
 compilation: enabled
              stopped_count=0, restarted_count=0
 full_count=0

Compilation events (0 events):
No events

GC Heap History (0 events):
No events

Dll operation events (1 events):
Event: 0.007 Loaded shared library C:\Program Files\Java\jdk-22\bin\java.dll

Deoptimization events (0 events):
No events

Classes loaded (20 events):
Event: 0.064 Loading class java/lang/Runtime done
Event: 0.064 Loading class jdk/internal/util/Preconditions
Event: 0.064 Loading class jdk/internal/util/Preconditions done
Event: 0.064 Loading class jdk/internal/util/Preconditions$1
Event: 0.064 Loading class java/util/function/Function
Event: 0.065 Loading class java/util/function/Function done
Event: 0.065 Loading class jdk/internal/util/Preconditions$1 done
Event: 0.065 Loading class jdk/internal/util/Preconditions$4
Event: 0.065 Loading class java/util/function/BiFunction
Event: 0.065 Loading class java/util/function/BiFunction done
Event: 0.065 Loading class jdk/internal/util/Preconditions$4 done
Event: 0.065 Loading class jdk/internal/util/Preconditions$2
Event: 0.065 Loading class jdk/internal/util/Preconditions$2 done
Event: 0.065 Loading class jdk/internal/util/Preconditions$3
Event: 0.065 Loading class jdk/internal/util/Preconditions$3 done
Event: 0.065 Loading class java/util/Arrays
Event: 0.066 Loading class java/util/Arrays done
Event: 0.066 Loading class java/lang/CharacterData
Event: 0.066 Loading class java/lang/CharacterData done
Event: 0.066 Loading class java/lang/CharacterDataLatin1

Classes unloaded (0 events):
No events

Classes redefined (0 events):
No events

Internal exceptions (0 events):
No events

ZGC Phase Switch (0 events):
No events

VM Operations (0 events):
No events

Events (1 events):
Event: 0.011 Thread 0x00000198c901c210 Thread added: 0x00000198c901c210


Dynamic libraries:
0x00007ff661450000 - 0x00007ff661460000 	C:\Program Files\Java\jdk-22\bin\java.exe
0x00007ffcf76b0000 - 0x00007ffcf78c7000 	C:\WINDOWS\SYSTEM32\ntdll.dll
0x00007ffcf66c0000 - 0x00007ffcf6784000 	C:\WINDOWS\System32\KERNEL32.DLL
0x00007ffcf4e40000 - 0x00007ffcf51f7000 	C:\WINDOWS\System32\KERNELBASE.dll
0x00007ffcf4bb0000 - 0x00007ffcf4cc1000 	C:\WINDOWS\System32\ucrtbase.dll
0x00007ffcca780000 - 0x00007ffcca797000 	C:\Program Files\Java\jdk-22\bin\jli.dll
0x00007ffccd340000 - 0x00007ffccd35b000 	C:\Program Files\Java\jdk-22\bin\VCRUNTIME140.dll
0x00007ffcf5990000 - 0x00007ffcf5a42000 	C:\WINDOWS\System32\ADVAPI32.dll
0x00007ffcf5c60000 - 0x00007ffcf5d07000 	C:\WINDOWS\System32\msvcrt.dll
0x00007ffcf6b70000 - 0x00007ffcf6c18000 	C:\WINDOWS\System32\sechost.dll
0x00007ffcf49f0000 - 0x00007ffcf4a18000 	C:\WINDOWS\System32\bcrypt.dll
0x00007ffcf6790000 - 0x00007ffcf68a4000 	C:\WINDOWS\System32\RPCRT4.dll
0x00007ffcf7490000 - 0x00007ffcf763f000 	C:\WINDOWS\System32\USER32.dll
0x00007ffcf49c0000 - 0x00007ffcf49e6000 	C:\WINDOWS\System32\win32u.dll
0x00007ffcda330000 - 0x00007ffcda5c3000 	C:\WINDOWS\WinSxS\amd64_microsoft.windows.common-controls_6595b64144ccf1df_6.0.22621.3672_none_2713b9d173822955\COMCTL32.dll
0x00007ffcf68b0000 - 0x00007ffcf68d9000 	C:\WINDOWS\System32\GDI32.dll
0x00007ffcf52c0000 - 0x00007ffcf53d8000 	C:\WINDOWS\System32\gdi32full.dll
0x00007ffcf4a20000 - 0x00007ffcf4aba000 	C:\WINDOWS\System32\msvcp_win.dll
0x00007ffcea920000 - 0x00007ffcea92a000 	C:\WINDOWS\SYSTEM32\VERSION.dll
0x00007ffcf6d20000 - 0x00007ffcf6d51000 	C:\WINDOWS\System32\IMM32.DLL
0x00007ffceec00000 - 0x00007ffceec0c000 	C:\Program Files\Java\jdk-22\bin\vcruntime140_1.dll
0x00007ffcb3f30000 - 0x00007ffcb3fbe000 	C:\Program Files\Java\jdk-22\bin\msvcp140.dll
0x00007ffca6e90000 - 0x00007ffca7bd7000 	C:\Program Files\Java\jdk-22\bin\server\jvm.dll
0x00007ffcf6d60000 - 0x00007ffcf6dd1000 	C:\WINDOWS\System32\WS2_32.dll
0x00007ffcf4890000 - 0x00007ffcf48dd000 	C:\WINDOWS\SYSTEM32\POWRPROF.dll
0x00007ffcee9f0000 - 0x00007ffceea24000 	C:\WINDOWS\SYSTEM32\WINMM.dll
0x00007ffcf4870000 - 0x00007ffcf4883000 	C:\WINDOWS\SYSTEM32\UMPDC.dll
0x00007ffcf39e0000 - 0x00007ffcf39f8000 	C:\WINDOWS\SYSTEM32\kernel.appcore.dll
0x00007ffce35a0000 - 0x00007ffce35aa000 	C:\Program Files\Java\jdk-22\bin\jimage.dll
0x00007ffcf2380000 - 0x00007ffcf25b2000 	C:\WINDOWS\SYSTEM32\DBGHELP.DLL
0x00007ffcf5600000 - 0x00007ffcf598e000 	C:\WINDOWS\System32\combase.dll
0x00007ffcf65e0000 - 0x00007ffcf66b7000 	C:\WINDOWS\System32\OLEAUT32.dll
0x00007ffcde7d0000 - 0x00007ffcde802000 	C:\WINDOWS\SYSTEM32\dbgcore.DLL
0x00007ffcf4b30000 - 0x00007ffcf4bab000 	C:\WINDOWS\System32\bcryptPrimitives.dll
0x00007ffcca580000 - 0x00007ffcca59e000 	C:\Program Files\Java\jdk-22\bin\java.dll
0x00007ffcf5d10000 - 0x00007ffcf6579000 	C:\WINDOWS\System32\SHELL32.dll
0x00007ffcf68e0000 - 0x00007ffcf6a85000 	C:\WINDOWS\System32\ole32.dll
0x00007ffcf2770000 - 0x00007ffcf306f000 	C:\WINDOWS\SYSTEM32\windows.storage.dll
0x00007ffcf30a0000 - 0x00007ffcf31df000 	C:\WINDOWS\SYSTEM32\wintypes.dll
0x00007ffcf6c20000 - 0x00007ffcf6d19000 	C:\WINDOWS\System32\SHCORE.dll
0x00007ffcf6580000 - 0x00007ffcf65de000 	C:\WINDOWS\System32\shlwapi.dll
0x00007ffcf48f0000 - 0x00007ffcf4917000 	C:\WINDOWS\SYSTEM32\profapi.dll

dbghelp: loaded successfully - version: 4.0.5 - missing functions: none
symbol engine: initialized successfully - sym options: 0x614 - pdb path: .;C:\Program Files\Java\jdk-22\bin;C:\WINDOWS\SYSTEM32;C:\WINDOWS\WinSxS\amd64_microsoft.windows.common-controls_6595b64144ccf1df_6.0.22621.3672_none_2713b9d173822955;C:\Program Files\Java\jdk-22\bin\server

VM Arguments:
java_command: <unknown>
java_class_path (initial): <not set>
Launcher Type: SUN_STANDARD

[Global flags]
     intx CICompilerCount                          = 4                                         {product} {ergonomic}
     uint ConcGCThreads                            = 2                                         {product} {ergonomic}
     uint G1ConcRefinementThreads                  = 8                                         {product} {ergonomic}
   size_t G1HeapRegionSize                         = 2097152                                   {product} {ergonomic}
   size_t InitialHeapSize                          = 165675008                                 {product} {ergonomic}
   size_t MarkStackSize                            = 4194304                                   {product} {ergonomic}
   size_t MaxHeapSize                              = 2644508672                                {product} {ergonomic}
   size_t MaxNewSize                               = 1585446912                                {product} {ergonomic}
   size_t MinHeapDeltaBytes                        = 2097152                                   {product} {ergonomic}
   size_t MinHeapSize                              = 8388608                                   {product} {ergonomic}
    uintx NonNMethodCodeHeapSize                   = 5839372                                {pd product} {ergonomic}
    uintx NonProfiledCodeHeapSize                  = 122909434                              {pd product} {ergonomic}
    uintx ProfiledCodeHeapSize                     = 122909434                              {pd product} {ergonomic}
    uintx ReservedCodeCacheSize                    = 251658240                              {pd product} {ergonomic}
     bool SegmentedCodeCache                       = true                                      {product} {ergonomic}
   size_t SoftMaxHeapSize                          = 2644508672                             {manageable} {ergonomic}
     bool UseCompressedOops                        = true                           {product lp64_product} {ergonomic}
     bool UseG1GC                                  = true                                      {product} {ergonomic}
     bool UseLargePagesIndividualAllocation        = false                                  {pd product} {ergonomic}

Logging:
Log output configuration:
 #0: stdout all=warning uptime,level,tags foldmultilines=false
 #1: stderr all=off uptime,level,tags foldmultilines=false

Environment Variables:
PATH=M:\app\oracle\product\11.2.0\server\bin;C:\Program Files\Common Files\Oracle\Java\javapath;C:\Oracle\dbhomeXE\bin;C:\Program Files (x86)\Common Files\Intel\Shared Libraries\redist\intel64\compiler;C:\WINDOWS\system32;C:\WINDOWS;C:\WINDOWS\System32\Wbem;C:\WINDOWS\System32\WindowsPowerShell\v1.0\;C:\WINDOWS\System32\OpenSSH\;C:\Program Files\dotnet\;C:\Program Files\Git\cmd;C:\Program Files\nodejs\;C:\nginx;C:\WINDOWS\system32\config\systemprofile\AppData\Roaming\Composer\vendor\bin;M:\xampp\php;F:\laragon\bin\mysql\mysql-8.0.30-winx64\bin;M:\Fonts;F:\Go\bin;C:\Program Files\PowerShell\7\;C:\Program Files\MySQL\MySQL Shell 8.0\bin\;C:\Users\RAKA SABRI\AppData\Local\Programs\Python\Python312\Scripts\;C:\Users\RAKA SABRI\AppData\Local\Programs\Python\Python312\;C:\Users\RAKA SABRI\AppData\Local\Microsoft\WindowsApps;C:\ProgramData\RAKA SABRI\GitHubDesktop\bin;C:\Users\RAKA SABRI\AppData\Roaming\npm;M:\dart-sdk\bin;C:\Users\RAKA SABRI\AppData\Local\Programs\Microsoft VS Code\bin;D:\IntelijIdea\IntelliJ IDEA 2023.2.5\bin;F:\FlutterSaya\flutter\bin;M:\PhpStorm 2024.1.4\bin;C:\Users\RAKA SABRI\AppData\Roaming\Programs\Zero Install;C:\Users\RAKA SABRI\go\bin;F:\Go;C:\Program Files\MongoDB\Server\7.0\bin;M:\msys64\ucrt64\bin;
USERNAME=RAKA SABRI
OS=Windows_NT
PROCESSOR_IDENTIFIER=AMD64 Family 23 Model 104 Stepping 1, AuthenticAMD
TMP=C:\Users\RAKASA~1\AppData\Local\Temp
TEMP=C:\Users\RAKASA~1\AppData\Local\Temp




Periodic native trim disabled

---------------  S Y S T E M  ---------------

OS:
 Windows 11 , 64 bit Build 22621 (10.0.22621.3958)
OS uptime: 0 days 16:07 hours
Hyper-V role detected

CPU: total 8 (initial active 8) (8 cores per cpu, 2 threads per core) family 23 model 104 stepping 1 microcode 0x0, cx8, cmov, fxsr, ht, mmx, 3dnowpref, sse, sse2, sse3, ssse3, sse4a, sse4.1, sse4.2, popcnt, lzcnt, tsc, tscinvbit, avx, avx2, aes, clmul, bmi1, bmi2, adx, sha, fma, vzeroupper, clflush, clflushopt, hv, rdtscp, rdpid, f16c
Processor Information for processor 0
  Max Mhz: 2600, Current Mhz: 2080, Mhz Limit: 2600
Processor Information for processor 1
  Max Mhz: 2600, Current Mhz: 2080, Mhz Limit: 2600
Processor Information for processor 2
  Max Mhz: 2600, Current Mhz: 2600, Mhz Limit: 2600
Processor Information for processor 3
  Max Mhz: 2600, Current Mhz: 2080, Mhz Limit: 2600
Processor Information for processor 4
  Max Mhz: 2600, Current Mhz: 2600, Mhz Limit: 2600
Processor Information for processor 5
  Max Mhz: 2600, Current Mhz: 2080, Mhz Limit: 2600
Processor Information for processor 6
  Max Mhz: 2600, Current Mhz: 2080, Mhz Limit: 2600
Processor Information for processor 7
  Max Mhz: 2600, Current Mhz: 2600, Mhz Limit: 2600

Memory: 4k page, system-wide physical 10085M (289M free)
TotalPageFile size 18277M (AvailPageFile size 1M)
current process WorkingSet (physical memory assigned to process): 21M, peak: 21M
current process commit charge ("private bytes"): 226M, peak: 226M

vm_info: Java HotSpot(TM) 64-Bit Server VM (22.0.1+8-16) for windows-amd64 JRE (22.0.1+8-16), built on 2024-03-12T10:33:16Z by "mach5one" with MS VC++ 17.6 (VS2022)

END.
